This is pdfTeX, Version 3.141592653-2.6-1.40.27 (MiKTeX 25.4) (preloaded format=pdflatex 2025.8.29)  6 NOV 2025 11:26
entering extended mode
 restricted \write18 enabled.
 %&-line parsing enabled.
**"./FRY-9C paper.tex"
(FRY-9C paper.tex
LaTeX2e <2025-06-01> patch level 1
L3 programming layer <2025-07-19>

(C:\Users\Lavishiva\AppData\Local\Programs\MiKTeX\tex/latex/ieeetran\IEEEtran.c
ls
Document Class: IEEEtran 2015/08/26 V1.8b by Michael Shell
-- See the "IEEEtran_HOWTO" manual for usage information.
-- http://www.michaelshell.org/tex/ieeetran/
\@IEEEtrantmpdimenA=\dimen148
\@IEEEtrantmpdimenB=\dimen149
\@IEEEtrantmpdimenC=\dimen150
\@IEEEtrantmpcountA=\count275
\@IEEEtrantmpcountB=\count276
\@IEEEtrantmpcountC=\count277
\@IEEEtrantmptoksA=\toks17
LaTeX Font Info:    Trying to load font information for OT1+ptm on input line 5
03.
(C:\Users\Lavishiva\AppData\Local\Programs\MiKTeX\tex/latex/psnfss\ot1ptm.fd
File: ot1ptm.fd 2001/06/04 font definitions for OT1/ptm.
)
-- Using 8.5in x 11in (letter) paper.
-- Using PDF output.
\@IEEEnormalsizeunitybaselineskip=\dimen151
-- This is a 10 point document.
LaTeX Encoding Info:    Redeclaring text command \textunderscore (encoding ?) o
n input line 937.
\CLASSINFOnormalsizebaselineskip=\dimen152
\CLASSINFOnormalsizeunitybaselineskip=\dimen153
\IEEEnormaljot=\dimen154
LaTeX Font Info:    Font shape `OT1/ptm/bx/n' in size <5> not available
(Font)              Font shape `OT1/ptm/b/n' tried instead on input line 1090.
LaTeX Font Info:    Font shape `OT1/ptm/bx/it' in size <5> not available
(Font)              Font shape `OT1/ptm/b/it' tried instead on input line 1090.

LaTeX Font Info:    Font shape `OT1/ptm/bx/n' in size <7> not available
(Font)              Font shape `OT1/ptm/b/n' tried instead on input line 1090.
LaTeX Font Info:    Font shape `OT1/ptm/bx/it' in size <7> not available
(Font)              Font shape `OT1/ptm/b/it' tried instead on input line 1090.

LaTeX Font Info:    Font shape `OT1/ptm/bx/n' in size <8> not available
(Font)              Font shape `OT1/ptm/b/n' tried instead on input line 1090.
LaTeX Font Info:    Font shape `OT1/ptm/bx/it' in size <8> not available
(Font)              Font shape `OT1/ptm/b/it' tried instead on input line 1090.

LaTeX Font Info:    Font shape `OT1/ptm/bx/n' in size <9> not available
(Font)              Font shape `OT1/ptm/b/n' tried instead on input line 1090.
LaTeX Font Info:    Font shape `OT1/ptm/bx/it' in size <9> not available
(Font)              Font shape `OT1/ptm/b/it' tried instead on input line 1090.

LaTeX Font Info:    Font shape `OT1/ptm/bx/n' in size <10> not available
(Font)              Font shape `OT1/ptm/b/n' tried instead on input line 1090.
LaTeX Font Info:    Font shape `OT1/ptm/bx/it' in size <10> not available
(Font)              Font shape `OT1/ptm/b/it' tried instead on input line 1090.

LaTeX Font Info:    Font shape `OT1/ptm/bx/n' in size <11> not available
(Font)              Font shape `OT1/ptm/b/n' tried instead on input line 1090.
LaTeX Font Info:    Font shape `OT1/ptm/bx/it' in size <11> not available
(Font)              Font shape `OT1/ptm/b/it' tried instead on input line 1090.

LaTeX Font Info:    Font shape `OT1/ptm/bx/n' in size <12> not available
(Font)              Font shape `OT1/ptm/b/n' tried instead on input line 1090.
LaTeX Font Info:    Font shape `OT1/ptm/bx/it' in size <12> not available
(Font)              Font shape `OT1/ptm/b/it' tried instead on input line 1090.

LaTeX Font Info:    Font shape `OT1/ptm/bx/n' in size <17> not available
(Font)              Font shape `OT1/ptm/b/n' tried instead on input line 1090.
LaTeX Font Info:    Font shape `OT1/ptm/bx/it' in size <17> not available
(Font)              Font shape `OT1/ptm/b/it' tried instead on input line 1090.

LaTeX Font Info:    Font shape `OT1/ptm/bx/n' in size <20> not available
(Font)              Font shape `OT1/ptm/b/n' tried instead on input line 1090.
LaTeX Font Info:    Font shape `OT1/ptm/bx/it' in size <20> not available
(Font)              Font shape `OT1/ptm/b/it' tried instead on input line 1090.

LaTeX Font Info:    Font shape `OT1/ptm/bx/n' in size <24> not available
(Font)              Font shape `OT1/ptm/b/n' tried instead on input line 1090.
LaTeX Font Info:    Font shape `OT1/ptm/bx/it' in size <24> not available
(Font)              Font shape `OT1/ptm/b/it' tried instead on input line 1090.

\IEEEquantizedlength=\dimen155
\IEEEquantizedlengthdiff=\dimen156
\IEEEquantizedtextheightdiff=\dimen157
\IEEEilabelindentA=\dimen158
\IEEEilabelindentB=\dimen159
\IEEEilabelindent=\dimen160
\IEEEelabelindent=\dimen161
\IEEEdlabelindent=\dimen162
\IEEElabelindent=\dimen163
\IEEEiednormlabelsep=\dimen164
\IEEEiedmathlabelsep=\dimen165
\IEEEiedtopsep=\skip49
\c@section=\count278
\c@subsection=\count279
\c@subsubsection=\count280
\c@paragraph=\count281
\c@IEEEsubequation=\count282
\abovecaptionskip=\skip50
\belowcaptionskip=\skip51
\c@figure=\count283
\c@table=\count284
\@IEEEeqnnumcols=\count285
\@IEEEeqncolcnt=\count286
\@IEEEsubeqnnumrollback=\count287
\@IEEEquantizeheightA=\dimen166
\@IEEEquantizeheightB=\dimen167
\@IEEEquantizeheightC=\dimen168
\@IEEEquantizeprevdepth=\dimen169
\@IEEEquantizemultiple=\count288
\@IEEEquantizeboxA=\box53
\@IEEEtmpitemindent=\dimen170
\IEEEPARstartletwidth=\dimen171
\c@IEEEbiography=\count289
\@IEEEtranrubishbin=\box54
)
** ATTENTION: Overriding command lockouts (line 2).

(C:\Users\Lavishiva\AppData\Local\Programs\MiKTeX\tex/latex/amsmath\amsmath.sty
Package: amsmath 2025/06/16 v2.17y AMS math features
\@mathmargin=\skip52
For additional information on amsmath, use the `?' option.

(C:\Users\Lavishiva\AppData\Local\Programs\MiKTeX\tex/latex/amsmath\amstext.sty
Package: amstext 2024/11/17 v2.01 AMS text
(C:\Users\Lavishiva\AppData\Local\Programs\MiKTeX\tex/latex/amsmath\amsgen.sty
File: amsgen.sty 1999/11/30 v2.0 generic functions
\@emptytoks=\toks18
\ex@=\dimen172
))
(C:\Users\Lavishiva\AppData\Local\Programs\MiKTeX\tex/latex/amsmath\amsbsy.sty
Package: amsbsy 1999/11/29 v1.2d Bold Symbols
\pmbraise@=\dimen173
) (C:\Users\Lavishiva\AppData\Local\Programs\MiKTeX\tex/latex/amsmath\amsopn.st
y
Package: amsopn 2022/04/08 v2.04 operator names
)
\inf@bad=\count290
LaTeX Info: Redefining \frac on input line 233.
\uproot@=\count291
\leftroot@=\count292
LaTeX Info: Redefining \overline on input line 398.
LaTeX Info: Redefining \colon on input line 409.
\classnum@=\count293
\DOTSCASE@=\count294
LaTeX Info: Redefining \ldots on input line 495.
LaTeX Info: Redefining \dots on input line 498.
LaTeX Info: Redefining \cdots on input line 619.
\Mathstrutbox@=\box55
\strutbox@=\box56
LaTeX Info: Redefining \big on input line 721.
LaTeX Info: Redefining \Big on input line 722.
LaTeX Info: Redefining \bigg on input line 723.
LaTeX Info: Redefining \Bigg on input line 724.
\big@size=\dimen174
LaTeX Font Info:    Redeclaring font encoding OML on input line 742.
LaTeX Font Info:    Redeclaring font encoding OMS on input line 743.
\macc@depth=\count295
LaTeX Info: Redefining \bmod on input line 904.
LaTeX Info: Redefining \pmod on input line 909.
LaTeX Info: Redefining \smash on input line 939.
LaTeX Info: Redefining \relbar on input line 969.
LaTeX Info: Redefining \Relbar on input line 970.
\c@MaxMatrixCols=\count296
\dotsspace@=\muskip17
\c@parentequation=\count297
\dspbrk@lvl=\count298
\tag@help=\toks19
\row@=\count299
\column@=\count300
\maxfields@=\count301
\andhelp@=\toks20
\eqnshift@=\dimen175
\alignsep@=\dimen176
\tagshift@=\dimen177
\tagwidth@=\dimen178
\totwidth@=\dimen179
\lineht@=\dimen180
\@envbody=\toks21
\multlinegap=\skip53
\multlinetaggap=\skip54
\mathdisplay@stack=\toks22
LaTeX Info: Redefining \[ on input line 2949.
LaTeX Info: Redefining \] on input line 2950.
)
(C:\Users\Lavishiva\AppData\Local\Programs\MiKTeX\tex/latex/amsfonts\amssymb.st
y
Package: amssymb 2013/01/14 v3.01 AMS font symbols

(C:\Users\Lavishiva\AppData\Local\Programs\MiKTeX\tex/latex/amsfonts\amsfonts.s
ty
Package: amsfonts 2013/01/14 v3.01 Basic AMSFonts support
\symAMSa=\mathgroup4
\symAMSb=\mathgroup5
LaTeX Font Info:    Redeclaring math symbol \hbar on input line 98.
LaTeX Font Info:    Overwriting math alphabet `\mathfrak' in version `bold'
(Font)                  U/euf/m/n --> U/euf/b/n on input line 106.
))
(C:\Users\Lavishiva\AppData\Local\Programs\MiKTeX\tex/latex/algorithms\algorith
mic.sty
Package: algorithmic 2009/08/24 v0.1 Document Style `algorithmic'

(C:\Users\Lavishiva\AppData\Local\Programs\MiKTeX\tex/latex/base\ifthen.sty
Package: ifthen 2024/03/16 v1.1e Standard LaTeX ifthen package (DPC)
)
(C:\Users\Lavishiva\AppData\Local\Programs\MiKTeX\tex/latex/graphics\keyval.sty
Package: keyval 2022/05/29 v1.15 key=value parser (DPC)
\KV@toks@=\toks23
)
\c@ALC@unique=\count302
\c@ALC@line=\count303
\c@ALC@rem=\count304
\c@ALC@depth=\count305
\ALC@tlm=\skip55
\algorithmicindent=\skip56
)
(C:\Users\Lavishiva\AppData\Local\Programs\MiKTeX\tex/latex/graphics\graphicx.s
ty
Package: graphicx 2024/12/31 v1.2e Enhanced LaTeX Graphics (DPC,SPQR)

(C:\Users\Lavishiva\AppData\Local\Programs\MiKTeX\tex/latex/graphics\graphics.s
ty
Package: graphics 2024/08/06 v1.4g Standard LaTeX Graphics (DPC,SPQR)

(C:\Users\Lavishiva\AppData\Local\Programs\MiKTeX\tex/latex/graphics\trig.sty
Package: trig 2023/12/02 v1.11 sin cos tan (DPC)
)
(C:\Users\Lavishiva\AppData\Local\Programs\MiKTeX\tex/latex/graphics-cfg\graphi
cs.cfg
File: graphics.cfg 2016/06/04 v1.11 sample graphics configuration
)
Package graphics Info: Driver file: pdftex.def on input line 106.

(C:\Users\Lavishiva\AppData\Local\Programs\MiKTeX\tex/latex/graphics-def\pdftex
.def
File: pdftex.def 2024/04/13 v1.2c Graphics/color driver for pdftex
))
\Gin@req@height=\dimen181
\Gin@req@width=\dimen182
)
(C:\Users\Lavishiva\AppData\Local\Programs\MiKTeX\tex/latex/base\textcomp.sty
Package: textcomp 2024/04/24 v2.1b Standard LaTeX package
)
(C:\Users\Lavishiva\AppData\Local\Programs\MiKTeX\tex/latex/xcolor\xcolor.sty
Package: xcolor 2024/09/29 v3.02 LaTeX color extensions (UK)

(C:\Users\Lavishiva\AppData\Local\Programs\MiKTeX\tex/latex/graphics-cfg\color.
cfg
File: color.cfg 2016/01/02 v1.6 sample color configuration
)
Package xcolor Info: Driver file: pdftex.def on input line 274.

(C:\Users\Lavishiva\AppData\Local\Programs\MiKTeX\tex/latex/graphics\mathcolor.
ltx)
Package xcolor Info: Model `cmy' substituted by `cmy0' on input line 1349.
Package xcolor Info: Model `hsb' substituted by `rgb' on input line 1353.
Package xcolor Info: Model `RGB' extended on input line 1365.
Package xcolor Info: Model `HTML' substituted by `rgb' on input line 1367.
Package xcolor Info: Model `Hsb' substituted by `hsb' on input line 1368.
Package xcolor Info: Model `tHsb' substituted by `hsb' on input line 1369.
Package xcolor Info: Model `HSB' substituted by `hsb' on input line 1370.
Package xcolor Info: Model `Gray' substituted by `gray' on input line 1371.
Package xcolor Info: Model `wave' substituted by `hsb' on input line 1372.
)
(C:\Users\Lavishiva\AppData\Local\Programs\MiKTeX\tex/latex/hyperref\hyperref.s
ty
Package: hyperref 2025-07-12 v7.01o Hypertext links for LaTeX

(C:\Users\Lavishiva\AppData\Local\Programs\MiKTeX\tex/generic/iftex\iftex.sty
Package: iftex 2024/12/12 v1.0g TeX engine tests
)
(C:\Users\Lavishiva\AppData\Local\Programs\MiKTeX\tex/latex/kvsetkeys\kvsetkeys
.sty
Package: kvsetkeys 2022-10-05 v1.19 Key value parser (HO)
)
(C:\Users\Lavishiva\AppData\Local\Programs\MiKTeX\tex/generic/kvdefinekeys\kvde
finekeys.sty
Package: kvdefinekeys 2019-12-19 v1.6 Define keys (HO)
)
(C:\Users\Lavishiva\AppData\Local\Programs\MiKTeX\tex/generic/pdfescape\pdfesca
pe.sty
Package: pdfescape 2019/12/09 v1.15 Implements pdfTeX's escape features (HO)

(C:\Users\Lavishiva\AppData\Local\Programs\MiKTeX\tex/generic/ltxcmds\ltxcmds.s
ty
Package: ltxcmds 2023-12-04 v1.26 LaTeX kernel commands for general use (HO)
)
(C:\Users\Lavishiva\AppData\Local\Programs\MiKTeX\tex/generic/pdftexcmds\pdftex
cmds.sty
Package: pdftexcmds 2020-06-27 v0.33 Utility functions of pdfTeX for LuaTeX (HO
)

(C:\Users\Lavishiva\AppData\Local\Programs\MiKTeX\tex/generic/infwarerr\infware
rr.sty
Package: infwarerr 2019/12/03 v1.5 Providing info/warning/error messages (HO)
)
Package pdftexcmds Info: \pdf@primitive is available.
Package pdftexcmds Info: \pdf@ifprimitive is available.
Package pdftexcmds Info: \pdfdraftmode found.
))
(C:\Users\Lavishiva\AppData\Local\Programs\MiKTeX\tex/latex/hycolor\hycolor.sty
Package: hycolor 2020-01-27 v1.10 Color options for hyperref/bookmark (HO)
)
(C:\Users\Lavishiva\AppData\Local\Programs\MiKTeX\tex/latex/hyperref\nameref.st
y
Package: nameref 2025-06-21 v2.57 Cross-referencing by name of section

(C:\Users\Lavishiva\AppData\Local\Programs\MiKTeX\tex/latex/refcount\refcount.s
ty
Package: refcount 2019/12/15 v3.6 Data extraction from label references (HO)
)
(C:\Users\Lavishiva\AppData\Local\Programs\MiKTeX\tex/generic/gettitlestring\ge
ttitlestring.sty
Package: gettitlestring 2019/12/15 v1.6 Cleanup title references (HO)

(C:\Users\Lavishiva\AppData\Local\Programs\MiKTeX\tex/latex/kvoptions\kvoptions
.sty
Package: kvoptions 2022-06-15 v3.15 Key value format for package options (HO)
))
\c@section@level=\count306
)
(C:\Users\Lavishiva\AppData\Local\Programs\MiKTeX\tex/latex/etoolbox\etoolbox.s
ty
Package: etoolbox 2025/02/11 v2.5l e-TeX tools for LaTeX (JAW)
\etb@tempcnta=\count307
)
(C:\Users\Lavishiva\AppData\Local\Programs\MiKTeX\tex/generic/stringenc\stringe
nc.sty
Package: stringenc 2019/11/29 v1.12 Convert strings between diff. encodings (HO
)
)
\@linkdim=\dimen183
\Hy@linkcounter=\count308
\Hy@pagecounter=\count309

(C:\Users\Lavishiva\AppData\Local\Programs\MiKTeX\tex/latex/hyperref\pd1enc.def
File: pd1enc.def 2025-07-12 v7.01o Hyperref: PDFDocEncoding definition (HO)
Now handling font encoding PD1 ...
... no UTF-8 mapping file for font encoding PD1
)
(C:\Users\Lavishiva\AppData\Local\Programs\MiKTeX\tex/generic/intcalc\intcalc.s
ty
Package: intcalc 2019/12/15 v1.3 Expandable calculations with integers (HO)
)
\Hy@SavedSpaceFactor=\count310

(C:\Users\Lavishiva\AppData\Local\Programs\MiKTeX\tex/latex/hyperref\puenc.def
File: puenc.def 2025-07-12 v7.01o Hyperref: PDF Unicode definition (HO)
Now handling font encoding PU ...
... no UTF-8 mapping file for font encoding PU
)
Package hyperref Info: Hyper figures OFF on input line 4195.
Package hyperref Info: Link nesting OFF on input line 4200.
Package hyperref Info: Hyper index ON on input line 4203.
Package hyperref Info: Plain pages OFF on input line 4210.
Package hyperref Info: Backreferencing OFF on input line 4215.
Package hyperref Info: Implicit mode ON; LaTeX internals redefined.
Package hyperref Info: Bookmarks ON on input line 4462.
\c@Hy@tempcnt=\count311
(C:\Users\Lavishiva\AppData\Local\Programs\MiKTeX\tex/latex/url\url.sty
\Urlmuskip=\muskip18
Package: url 2013/09/16  ver 3.4  Verb mode for urls, etc.
)
LaTeX Info: Redefining \url on input line 4801.
\XeTeXLinkMargin=\dimen184

(C:\Users\Lavishiva\AppData\Local\Programs\MiKTeX\tex/generic/bitset\bitset.sty
Package: bitset 2019/12/09 v1.3 Handle bit-vector datatype (HO)

(C:\Users\Lavishiva\AppData\Local\Programs\MiKTeX\tex/generic/bigintcalc\bigint
calc.sty
Package: bigintcalc 2019/12/15 v1.5 Expandable calculations on big integers (HO
)
))
\Fld@menulength=\count312
\Field@Width=\dimen185
\Fld@charsize=\dimen186
Package hyperref Info: Hyper figures OFF on input line 6078.
Package hyperref Info: Link nesting OFF on input line 6083.
Package hyperref Info: Hyper index ON on input line 6086.
Package hyperref Info: backreferencing OFF on input line 6093.
Package hyperref Info: Link coloring OFF on input line 6098.
Package hyperref Info: Link coloring with OCG OFF on input line 6103.
Package hyperref Info: PDF/A mode OFF on input line 6108.
\Hy@abspage=\count313
\c@Item=\count314
\c@Hfootnote=\count315
)
Package hyperref Info: Driver (autodetected): hpdftex.

(C:\Users\Lavishiva\AppData\Local\Programs\MiKTeX\tex/latex/hyperref\hpdftex.de
f
File: hpdftex.def 2025-07-12 v7.01o Hyperref driver for pdfTeX
\Fld@listcount=\count316
\c@bookmark@seq@number=\count317

(C:\Users\Lavishiva\AppData\Local\Programs\MiKTeX\tex/latex/rerunfilecheck\reru
nfilecheck.sty
Package: rerunfilecheck 2025-06-21 v1.11 Rerun checks for auxiliary files (HO)

(C:\Users\Lavishiva\AppData\Local\Programs\MiKTeX\tex/generic/uniquecounter\uni
quecounter.sty
Package: uniquecounter 2019/12/15 v1.4 Provide unlimited unique counter (HO)
)
Package uniquecounter Info: New unique counter `rerunfilecheck' on input line 2
84.
)
\Hy@SectionHShift=\skip57
)
(C:\Users\Lavishiva\AppData\Local\Programs\MiKTeX\tex/latex/multirow\multirow.s
ty
Package: multirow 2024/11/12 v2.9 Span multiple rows of a table
\multirow@colwidth=\skip58
\multirow@cntb=\count318
\multirow@dima=\skip59
\bigstrutjot=\dimen187
)
(C:\Users\Lavishiva\AppData\Local\Programs\MiKTeX\tex/latex/pgf/frontendlayer\t
ikz.sty
(C:\Users\Lavishiva\AppData\Local\Programs\MiKTeX\tex/latex/pgf/basiclayer\pgf.
sty
(C:\Users\Lavishiva\AppData\Local\Programs\MiKTeX\tex/latex/pgf/utilities\pgfrc
s.sty
(C:\Users\Lavishiva\AppData\Local\Programs\MiKTeX\tex/generic/pgf/utilities\pgf
util-common.tex
\pgfutil@everybye=\toks24
\pgfutil@tempdima=\dimen188
\pgfutil@tempdimb=\dimen189
)
(C:\Users\Lavishiva\AppData\Local\Programs\MiKTeX\tex/generic/pgf/utilities\pgf
util-latex.def
\pgfutil@abb=\box57
)
(C:\Users\Lavishiva\AppData\Local\Programs\MiKTeX\tex/generic/pgf/utilities\pgf
rcs.code.tex
(C:\Users\Lavishiva\AppData\Local\Programs\MiKTeX\tex/generic/pgf\pgf.revision.
tex)
Package: pgfrcs 2023-01-15 v3.1.10 (3.1.10)
))
Package: pgf 2023-01-15 v3.1.10 (3.1.10)

(C:\Users\Lavishiva\AppData\Local\Programs\MiKTeX\tex/latex/pgf/basiclayer\pgfc
ore.sty
(C:\Users\Lavishiva\AppData\Local\Programs\MiKTeX\tex/latex/pgf/systemlayer\pgf
sys.sty
(C:\Users\Lavishiva\AppData\Local\Programs\MiKTeX\tex/generic/pgf/systemlayer\p
gfsys.code.tex
Package: pgfsys 2023-01-15 v3.1.10 (3.1.10)

(C:\Users\Lavishiva\AppData\Local\Programs\MiKTeX\tex/generic/pgf/utilities\pgf
keys.code.tex
\pgfkeys@pathtoks=\toks25
\pgfkeys@temptoks=\toks26

(C:\Users\Lavishiva\AppData\Local\Programs\MiKTeX\tex/generic/pgf/utilities\pgf
keyslibraryfiltered.code.tex
\pgfkeys@tmptoks=\toks27
))
\pgf@x=\dimen190
\pgf@y=\dimen191
\pgf@xa=\dimen192
\pgf@ya=\dimen193
\pgf@xb=\dimen194
\pgf@yb=\dimen195
\pgf@xc=\dimen196
\pgf@yc=\dimen197
\pgf@xd=\dimen198
\pgf@yd=\dimen199
\w@pgf@writea=\write3
\r@pgf@reada=\read2
\c@pgf@counta=\count319
\c@pgf@countb=\count320
\c@pgf@countc=\count321
\c@pgf@countd=\count322
\t@pgf@toka=\toks28
\t@pgf@tokb=\toks29
\t@pgf@tokc=\toks30
\pgf@sys@id@count=\count323

(C:\Users\Lavishiva\AppData\Local\Programs\MiKTeX\tex/generic/pgf/systemlayer\p
gf.cfg
File: pgf.cfg 2023-01-15 v3.1.10 (3.1.10)
)
Driver file for pgf: pgfsys-pdftex.def

(C:\Users\Lavishiva\AppData\Local\Programs\MiKTeX\tex/generic/pgf/systemlayer\p
gfsys-pdftex.def
File: pgfsys-pdftex.def 2023-01-15 v3.1.10 (3.1.10)

(C:\Users\Lavishiva\AppData\Local\Programs\MiKTeX\tex/generic/pgf/systemlayer\p
gfsys-common-pdf.def
File: pgfsys-common-pdf.def 2023-01-15 v3.1.10 (3.1.10)
)))
(C:\Users\Lavishiva\AppData\Local\Programs\MiKTeX\tex/generic/pgf/systemlayer\p
gfsyssoftpath.code.tex
File: pgfsyssoftpath.code.tex 2023-01-15 v3.1.10 (3.1.10)
\pgfsyssoftpath@smallbuffer@items=\count324
\pgfsyssoftpath@bigbuffer@items=\count325
)
(C:\Users\Lavishiva\AppData\Local\Programs\MiKTeX\tex/generic/pgf/systemlayer\p
gfsysprotocol.code.tex
File: pgfsysprotocol.code.tex 2023-01-15 v3.1.10 (3.1.10)
))
(C:\Users\Lavishiva\AppData\Local\Programs\MiKTeX\tex/generic/pgf/basiclayer\pg
fcore.code.tex
Package: pgfcore 2023-01-15 v3.1.10 (3.1.10)

(C:\Users\Lavishiva\AppData\Local\Programs\MiKTeX\tex/generic/pgf/math\pgfmath.
code.tex
(C:\Users\Lavishiva\AppData\Local\Programs\MiKTeX\tex/generic/pgf/math\pgfmathu
til.code.tex)
(C:\Users\Lavishiva\AppData\Local\Programs\MiKTeX\tex/generic/pgf/math\pgfmathp
arser.code.tex
\pgfmath@dimen=\dimen256
\pgfmath@count=\count326
\pgfmath@box=\box58
\pgfmath@toks=\toks31
\pgfmath@stack@operand=\toks32
\pgfmath@stack@operation=\toks33
)
(C:\Users\Lavishiva\AppData\Local\Programs\MiKTeX\tex/generic/pgf/math\pgfmathf
unctions.code.tex)
(C:\Users\Lavishiva\AppData\Local\Programs\MiKTeX\tex/generic/pgf/math\pgfmathf
unctions.basic.code.tex)
(C:\Users\Lavishiva\AppData\Local\Programs\MiKTeX\tex/generic/pgf/math\pgfmathf
unctions.trigonometric.code.tex)
(C:\Users\Lavishiva\AppData\Local\Programs\MiKTeX\tex/generic/pgf/math\pgfmathf
unctions.random.code.tex)
(C:\Users\Lavishiva\AppData\Local\Programs\MiKTeX\tex/generic/pgf/math\pgfmathf
unctions.comparison.code.tex)
(C:\Users\Lavishiva\AppData\Local\Programs\MiKTeX\tex/generic/pgf/math\pgfmathf
unctions.base.code.tex)
(C:\Users\Lavishiva\AppData\Local\Programs\MiKTeX\tex/generic/pgf/math\pgfmathf
unctions.round.code.tex)
(C:\Users\Lavishiva\AppData\Local\Programs\MiKTeX\tex/generic/pgf/math\pgfmathf
unctions.misc.code.tex)
(C:\Users\Lavishiva\AppData\Local\Programs\MiKTeX\tex/generic/pgf/math\pgfmathf
unctions.integerarithmetics.code.tex)
(C:\Users\Lavishiva\AppData\Local\Programs\MiKTeX\tex/generic/pgf/math\pgfmathc
alc.code.tex)
(C:\Users\Lavishiva\AppData\Local\Programs\MiKTeX\tex/generic/pgf/math\pgfmathf
loat.code.tex
\c@pgfmathroundto@lastzeros=\count327
))
(C:\Users\Lavishiva\AppData\Local\Programs\MiKTeX\tex/generic/pgf/math\pgfint.c
ode.tex)
(C:\Users\Lavishiva\AppData\Local\Programs\MiKTeX\tex/generic/pgf/basiclayer\pg
fcorepoints.code.tex
File: pgfcorepoints.code.tex 2023-01-15 v3.1.10 (3.1.10)
\pgf@picminx=\dimen257
\pgf@picmaxx=\dimen258
\pgf@picminy=\dimen259
\pgf@picmaxy=\dimen260
\pgf@pathminx=\dimen261
\pgf@pathmaxx=\dimen262
\pgf@pathminy=\dimen263
\pgf@pathmaxy=\dimen264
\pgf@xx=\dimen265
\pgf@xy=\dimen266
\pgf@yx=\dimen267
\pgf@yy=\dimen268
\pgf@zx=\dimen269
\pgf@zy=\dimen270
)
(C:\Users\Lavishiva\AppData\Local\Programs\MiKTeX\tex/generic/pgf/basiclayer\pg
fcorepathconstruct.code.tex
File: pgfcorepathconstruct.code.tex 2023-01-15 v3.1.10 (3.1.10)
\pgf@path@lastx=\dimen271
\pgf@path@lasty=\dimen272
)
(C:\Users\Lavishiva\AppData\Local\Programs\MiKTeX\tex/generic/pgf/basiclayer\pg
fcorepathusage.code.tex
File: pgfcorepathusage.code.tex 2023-01-15 v3.1.10 (3.1.10)
\pgf@shorten@end@additional=\dimen273
\pgf@shorten@start@additional=\dimen274
)
(C:\Users\Lavishiva\AppData\Local\Programs\MiKTeX\tex/generic/pgf/basiclayer\pg
fcorescopes.code.tex
File: pgfcorescopes.code.tex 2023-01-15 v3.1.10 (3.1.10)
\pgfpic=\box59
\pgf@hbox=\box60
\pgf@layerbox@main=\box61
\pgf@picture@serial@count=\count328
)
(C:\Users\Lavishiva\AppData\Local\Programs\MiKTeX\tex/generic/pgf/basiclayer\pg
fcoregraphicstate.code.tex
File: pgfcoregraphicstate.code.tex 2023-01-15 v3.1.10 (3.1.10)
\pgflinewidth=\dimen275
)
(C:\Users\Lavishiva\AppData\Local\Programs\MiKTeX\tex/generic/pgf/basiclayer\pg
fcoretransformations.code.tex
File: pgfcoretransformations.code.tex 2023-01-15 v3.1.10 (3.1.10)
\pgf@pt@x=\dimen276
\pgf@pt@y=\dimen277
\pgf@pt@temp=\dimen278
)
(C:\Users\Lavishiva\AppData\Local\Programs\MiKTeX\tex/generic/pgf/basiclayer\pg
fcorequick.code.tex
File: pgfcorequick.code.tex 2023-01-15 v3.1.10 (3.1.10)
)
(C:\Users\Lavishiva\AppData\Local\Programs\MiKTeX\tex/generic/pgf/basiclayer\pg
fcoreobjects.code.tex
File: pgfcoreobjects.code.tex 2023-01-15 v3.1.10 (3.1.10)
)
(C:\Users\Lavishiva\AppData\Local\Programs\MiKTeX\tex/generic/pgf/basiclayer\pg
fcorepathprocessing.code.tex
File: pgfcorepathprocessing.code.tex 2023-01-15 v3.1.10 (3.1.10)
)
(C:\Users\Lavishiva\AppData\Local\Programs\MiKTeX\tex/generic/pgf/basiclayer\pg
fcorearrows.code.tex
File: pgfcorearrows.code.tex 2023-01-15 v3.1.10 (3.1.10)
\pgfarrowsep=\dimen279
)
(C:\Users\Lavishiva\AppData\Local\Programs\MiKTeX\tex/generic/pgf/basiclayer\pg
fcoreshade.code.tex
File: pgfcoreshade.code.tex 2023-01-15 v3.1.10 (3.1.10)
\pgf@max=\dimen280
\pgf@sys@shading@range@num=\count329
\pgf@shadingcount=\count330
)
(C:\Users\Lavishiva\AppData\Local\Programs\MiKTeX\tex/generic/pgf/basiclayer\pg
fcoreimage.code.tex
File: pgfcoreimage.code.tex 2023-01-15 v3.1.10 (3.1.10)
)
(C:\Users\Lavishiva\AppData\Local\Programs\MiKTeX\tex/generic/pgf/basiclayer\pg
fcoreexternal.code.tex
File: pgfcoreexternal.code.tex 2023-01-15 v3.1.10 (3.1.10)
\pgfexternal@startupbox=\box62
)
(C:\Users\Lavishiva\AppData\Local\Programs\MiKTeX\tex/generic/pgf/basiclayer\pg
fcorelayers.code.tex
File: pgfcorelayers.code.tex 2023-01-15 v3.1.10 (3.1.10)
)
(C:\Users\Lavishiva\AppData\Local\Programs\MiKTeX\tex/generic/pgf/basiclayer\pg
fcoretransparency.code.tex
File: pgfcoretransparency.code.tex 2023-01-15 v3.1.10 (3.1.10)
)
(C:\Users\Lavishiva\AppData\Local\Programs\MiKTeX\tex/generic/pgf/basiclayer\pg
fcorepatterns.code.tex
File: pgfcorepatterns.code.tex 2023-01-15 v3.1.10 (3.1.10)
)
(C:\Users\Lavishiva\AppData\Local\Programs\MiKTeX\tex/generic/pgf/basiclayer\pg
fcorerdf.code.tex
File: pgfcorerdf.code.tex 2023-01-15 v3.1.10 (3.1.10)
)))
(C:\Users\Lavishiva\AppData\Local\Programs\MiKTeX\tex/generic/pgf/modules\pgfmo
duleshapes.code.tex
File: pgfmoduleshapes.code.tex 2023-01-15 v3.1.10 (3.1.10)
\pgfnodeparttextbox=\box63
)
(C:\Users\Lavishiva\AppData\Local\Programs\MiKTeX\tex/generic/pgf/modules\pgfmo
duleplot.code.tex
File: pgfmoduleplot.code.tex 2023-01-15 v3.1.10 (3.1.10)
)
(C:\Users\Lavishiva\AppData\Local\Programs\MiKTeX\tex/latex/pgf/compatibility\p
gfcomp-version-0-65.sty
Package: pgfcomp-version-0-65 2023-01-15 v3.1.10 (3.1.10)
\pgf@nodesepstart=\dimen281
\pgf@nodesepend=\dimen282
)
(C:\Users\Lavishiva\AppData\Local\Programs\MiKTeX\tex/latex/pgf/compatibility\p
gfcomp-version-1-18.sty
Package: pgfcomp-version-1-18 2023-01-15 v3.1.10 (3.1.10)
))
(C:\Users\Lavishiva\AppData\Local\Programs\MiKTeX\tex/latex/pgf/utilities\pgffo
r.sty
(C:\Users\Lavishiva\AppData\Local\Programs\MiKTeX\tex/latex/pgf/utilities\pgfke
ys.sty
(C:\Users\Lavishiva\AppData\Local\Programs\MiKTeX\tex/generic/pgf/utilities\pgf
keys.code.tex))
(C:\Users\Lavishiva\AppData\Local\Programs\MiKTeX\tex/latex/pgf/math\pgfmath.st
y
(C:\Users\Lavishiva\AppData\Local\Programs\MiKTeX\tex/generic/pgf/math\pgfmath.
code.tex))
(C:\Users\Lavishiva\AppData\Local\Programs\MiKTeX\tex/generic/pgf/utilities\pgf
for.code.tex
Package: pgffor 2023-01-15 v3.1.10 (3.1.10)
\pgffor@iter=\dimen283
\pgffor@skip=\dimen284
\pgffor@stack=\toks34
\pgffor@toks=\toks35
))
(C:\Users\Lavishiva\AppData\Local\Programs\MiKTeX\tex/generic/pgf/frontendlayer
/tikz\tikz.code.tex
Package: tikz 2023-01-15 v3.1.10 (3.1.10)

(C:\Users\Lavishiva\AppData\Local\Programs\MiKTeX\tex/generic/pgf/libraries\pgf
libraryplothandlers.code.tex
File: pgflibraryplothandlers.code.tex 2023-01-15 v3.1.10 (3.1.10)
\pgf@plot@mark@count=\count331
\pgfplotmarksize=\dimen285
)
\tikz@lastx=\dimen286
\tikz@lasty=\dimen287
\tikz@lastxsaved=\dimen288
\tikz@lastysaved=\dimen289
\tikz@lastmovetox=\dimen290
\tikz@lastmovetoy=\dimen291
\tikzleveldistance=\dimen292
\tikzsiblingdistance=\dimen293
\tikz@figbox=\box64
\tikz@figbox@bg=\box65
\tikz@tempbox=\box66
\tikz@tempbox@bg=\box67
\tikztreelevel=\count332
\tikznumberofchildren=\count333
\tikznumberofcurrentchild=\count334
\tikz@fig@count=\count335

(C:\Users\Lavishiva\AppData\Local\Programs\MiKTeX\tex/generic/pgf/modules\pgfmo
dulematrix.code.tex
File: pgfmodulematrix.code.tex 2023-01-15 v3.1.10 (3.1.10)
\pgfmatrixcurrentrow=\count336
\pgfmatrixcurrentcolumn=\count337
\pgf@matrix@numberofcolumns=\count338
)
\tikz@expandcount=\count339

(C:\Users\Lavishiva\AppData\Local\Programs\MiKTeX\tex/generic/pgf/frontendlayer
/tikz/libraries\tikzlibrarytopaths.code.tex
File: tikzlibrarytopaths.code.tex 2023-01-15 v3.1.10 (3.1.10)
)))
(C:\Users\Lavishiva\AppData\Local\Programs\MiKTeX\tex/generic/pgf/frontendlayer
/tikz/libraries\tikzlibraryshapes.code.tex
File: tikzlibraryshapes.code.tex 2023-01-15 v3.1.10 (3.1.10)

(C:\Users\Lavishiva\AppData\Local\Programs\MiKTeX\tex/generic/pgf/frontendlayer
/tikz/libraries\tikzlibraryshapes.geometric.code.tex
File: tikzlibraryshapes.geometric.code.tex 2023-01-15 v3.1.10 (3.1.10)

(C:\Users\Lavishiva\AppData\Local\Programs\MiKTeX\tex/generic/pgf/libraries/sha
pes\pgflibraryshapes.geometric.code.tex
File: pgflibraryshapes.geometric.code.tex 2023-01-15 v3.1.10 (3.1.10)
))
(C:\Users\Lavishiva\AppData\Local\Programs\MiKTeX\tex/generic/pgf/frontendlayer
/tikz/libraries\tikzlibraryshapes.misc.code.tex
File: tikzlibraryshapes.misc.code.tex 2023-01-15 v3.1.10 (3.1.10)

(C:\Users\Lavishiva\AppData\Local\Programs\MiKTeX\tex/generic/pgf/libraries/sha
pes\pgflibraryshapes.misc.code.tex
File: pgflibraryshapes.misc.code.tex 2023-01-15 v3.1.10 (3.1.10)
))
(C:\Users\Lavishiva\AppData\Local\Programs\MiKTeX\tex/generic/pgf/frontendlayer
/tikz/libraries\tikzlibraryshapes.symbols.code.tex
File: tikzlibraryshapes.symbols.code.tex 2023-01-15 v3.1.10 (3.1.10)

(C:\Users\Lavishiva\AppData\Local\Programs\MiKTeX\tex/generic/pgf/libraries/sha
pes\pgflibraryshapes.symbols.code.tex
File: pgflibraryshapes.symbols.code.tex 2023-01-15 v3.1.10 (3.1.10)
))
(C:\Users\Lavishiva\AppData\Local\Programs\MiKTeX\tex/generic/pgf/frontendlayer
/tikz/libraries\tikzlibraryshapes.arrows.code.tex
File: tikzlibraryshapes.arrows.code.tex 2023-01-15 v3.1.10 (3.1.10)

(C:\Users\Lavishiva\AppData\Local\Programs\MiKTeX\tex/generic/pgf/libraries/sha
pes\pgflibraryshapes.arrows.code.tex
File: pgflibraryshapes.arrows.code.tex 2023-01-15 v3.1.10 (3.1.10)
))
(C:\Users\Lavishiva\AppData\Local\Programs\MiKTeX\tex/generic/pgf/frontendlayer
/tikz/libraries\tikzlibraryshapes.callouts.code.tex
(C:\Users\Lavishiva\AppData\Local\Programs\MiKTeX\tex/generic/pgf/libraries/sha
pes\pgflibraryshapes.callouts.code.tex))
(C:\Users\Lavishiva\AppData\Local\Programs\MiKTeX\tex/generic/pgf/frontendlayer
/tikz/libraries\tikzlibraryshapes.multipart.code.tex
File: tikzlibraryshapes.multipart.code.tex 2023-01-15 v3.1.10 (3.1.10)

(C:\Users\Lavishiva\AppData\Local\Programs\MiKTeX\tex/generic/pgf/libraries/sha
pes\pgflibraryshapes.multipart.code.tex
File: pgflibraryshapes.multipart.code.tex 2023-01-15 v3.1.10 (3.1.10)
\pgfnodepartlowerbox=\box68
\pgfnodeparttwobox=\box69
\pgfnodepartthreebox=\box70
\pgfnodepartfourbox=\box71
\pgfnodeparttwentybox=\box72
\pgfnodepartnineteenbox=\box73
\pgfnodeparteighteenbox=\box74
\pgfnodepartseventeenbox=\box75
\pgfnodepartsixteenbox=\box76
\pgfnodepartfifteenbox=\box77
\pgfnodepartfourteenbox=\box78
\pgfnodepartthirteenbox=\box79
\pgfnodeparttwelvebox=\box80
\pgfnodepartelevenbox=\box81
\pgfnodeparttenbox=\box82
\pgfnodepartninebox=\box83
\pgfnodeparteightbox=\box84
\pgfnodepartsevenbox=\box85
\pgfnodepartsixbox=\box86
\pgfnodepartfivebox=\box87
)))
(C:\Users\Lavishiva\AppData\Local\Programs\MiKTeX\tex/generic/pgf/frontendlayer
/tikz/libraries\tikzlibraryarrows.code.tex
File: tikzlibraryarrows.code.tex 2023-01-15 v3.1.10 (3.1.10)

(C:\Users\Lavishiva\AppData\Local\Programs\MiKTeX\tex/generic/pgf/libraries\pgf
libraryarrows.code.tex
File: pgflibraryarrows.code.tex 2023-01-15 v3.1.10 (3.1.10)
\arrowsize=\dimen294
))
(C:\Users\Lavishiva\AppData\Local\Programs\MiKTeX\tex/generic/pgf/frontendlayer
/tikz/libraries\tikzlibrarypositioning.code.tex
File: tikzlibrarypositioning.code.tex 2023-01-15 v3.1.10 (3.1.10)
)
(C:\Users\Lavishiva\AppData\Local\Programs\MiKTeX\tex/latex/l3backend\l3backend
-pdftex.def
File: l3backend-pdftex.def 2025-06-09 L3 backend support: PDF output (pdfTeX)
\l__color_backend_stack_int=\count340
) (FRY-9C paper.aux

LaTeX Warning: Label `fig' multiply defined.

)
\openout1 = `"FRY-9C paper.aux"'.

LaTeX Font Info:    Checking defaults for OML/cmm/m/it on input line 19.
LaTeX Font Info:    ... okay on input line 19.
LaTeX Font Info:    Checking defaults for OMS/cmsy/m/n on input line 19.
LaTeX Font Info:    ... okay on input line 19.
LaTeX Font Info:    Checking defaults for OT1/cmr/m/n on input line 19.
LaTeX Font Info:    ... okay on input line 19.
LaTeX Font Info:    Checking defaults for T1/cmr/m/n on input line 19.
LaTeX Font Info:    ... okay on input line 19.
LaTeX Font Info:    Checking defaults for TS1/cmr/m/n on input line 19.
LaTeX Font Info:    ... okay on input line 19.
LaTeX Font Info:    Checking defaults for OMX/cmex/m/n on input line 19.
LaTeX Font Info:    ... okay on input line 19.
LaTeX Font Info:    Checking defaults for U/cmr/m/n on input line 19.
LaTeX Font Info:    ... okay on input line 19.
LaTeX Font Info:    Checking defaults for PD1/pdf/m/n on input line 19.
LaTeX Font Info:    ... okay on input line 19.
LaTeX Font Info:    Checking defaults for PU/pdf/m/n on input line 19.
LaTeX Font Info:    ... okay on input line 19.

-- Lines per column: 56 (exact).

(C:\Users\Lavishiva\AppData\Local\Programs\MiKTeX\tex/context/base/mkii\supp-pd
f.mkii
[Loading MPS to PDF converter (version 2006.09.02).]
\scratchcounter=\count341
\scratchdimen=\dimen295
\scratchbox=\box88
\nofMPsegments=\count342
\nofMParguments=\count343
\everyMPshowfont=\toks36
\MPscratchCnt=\count344
\MPscratchDim=\dimen296
\MPnumerator=\count345
\makeMPintoPDFobject=\count346
\everyMPtoPDFconversion=\toks37
)
(C:\Users\Lavishiva\AppData\Local\Programs\MiKTeX\tex/latex/epstopdf-pkg\epstop
df-base.sty
Package: epstopdf-base 2020-01-24 v2.11 Base part for package epstopdf
Package epstopdf-base Info: Redefining graphics rule for `.eps' on input line 4
85.

(C:\Users\Lavishiva\AppData\Local\Programs\MiKTeX\tex/latex/00miktex\epstopdf-s
ys.cfg
File: epstopdf-sys.cfg 2021/03/18 v2.0 Configuration of epstopdf for MiKTeX
))
Package hyperref Info: Link coloring OFF on input line 19.
 (FRY-9C paper.out) (FRY-9C paper.out)
\@outlinefile=\write4
\openout4 = `"FRY-9C paper.out"'.

LaTeX Font Info:    Trying to load font information for U+msa on input line 35.


(C:\Users\Lavishiva\AppData\Local\Programs\MiKTeX\tex/latex/amsfonts\umsa.fd
File: umsa.fd 2013/01/14 v3.01 AMS symbols A
)
LaTeX Font Info:    Trying to load font information for U+msb on input line 35.


(C:\Users\Lavishiva\AppData\Local\Programs\MiKTeX\tex/latex/amsfonts\umsb.fd
File: umsb.fd 2013/01/14 v3.01 AMS symbols B
)
LaTeX Font Info:    Trying to load font information for TS1+ptm on input line 4
7.

(C:\Users\Lavishiva\AppData\Local\Programs\MiKTeX\tex/latex/psnfss\ts1ptm.fd
File: ts1ptm.fd 2001/06/04 font definitions for TS1/ptm.
)

<9C Vs 10-Q Vs NCUA Grayscale.png, id=281, 252.945pt x 173.448pt>
File: 9C Vs 10-Q Vs NCUA Grayscale.png Graphic file (type png)
<use 9C Vs 10-Q Vs NCUA Grayscale.png>
Package pdftex.def Info: 9C Vs 10-Q Vs NCUA Grayscale.png  used on input line 6
8.
(pdftex.def)             Requested size: 252.94438pt x 173.44757pt.


[1{C:/Users/Lavishiva/AppData/Local/MiKTeX/fonts/map/pdftex/pdftex.map}{C:/User
s/Lavishiva/AppData/Local/Programs/MiKTeX/fonts/enc/dvips/base/8r.enc}


]



[2 <./9C Vs 10-Q Vs NCUA Grayscale.png>]


Underfull \hbox (badness 10000) in paragraph at lines 199--199
[]\OT1/ptm/b/n/8 Collateral
 []


Underfull \hbox (badness 10000) in paragraph at lines 201--202
[]\OT1/ptm/m/n/8 1 Col A, 1.a.1 Col B, 1.a.2 Col
 []


Underfull \hbox (badness 10000) in paragraph at lines 203--203
[]\OT1/ptm/m/n/8 Unsecured
 []


Underfull \hbox (badness 10000) in paragraph at lines 244--244
[]\OT1/ptm/m/n/8 Commercial and In-dus-trial
 []


Overfull \hbox (1.3334pt too wide) in paragraph at lines 261--261
[]\OT1/ptm/b/n/8 Line| 
 []


Underfull \hbox (badness 10000) in paragraph at lines 261--262
[]\OT1/ptm/b/n/8 Sub-
 []


Underfull \hbox (badness 10000) in paragraph at lines 263--263
[]\OT1/ptm/m/n/8 Loan mod-i-fi-ca-tions
 []


Underfull \hbox (badness 10000) in paragraph at lines 263--264
[]\OT1/ptm/m/n/8 M.1.a{
 []


Underfull \hbox (badness 3375) in paragraph at lines 265--265
[]\OT1/ptm/m/n/8 CRE con-struc-tion loans
 []


Underfull \hbox (badness 3769) in paragraph at lines 267--267
[]\OT1/ptm/m/n/8 Loans to non-U.S. ad-
 []


Underfull \hbox (badness 10000) in paragraph at lines 267--268
[]\OT1/ptm/m/n/8 M.3.a{
 []


Underfull \hbox (badness 10000) in paragraph at lines 271--271
[]\OT1/ptm/m/n/8 Negative amor-ti-za-tion
 []


Underfull \hbox (badness 10000) in paragraph at lines 271--272
[]\OT1/ptm/m/n/8 M.6.a{
 []


Overfull \hbox (2.88556pt too wide) in paragraph at lines 275--275
[]\OT1/ptm/m/n/8 M.12| 
 []


Underfull \hbox (badness 10000) in paragraph at lines 275--276
[]\OT1/ptm/m/n/8 M.12.a{
 []


Overfull \hbox (2.88556pt too wide) in paragraph at lines 277--277
[]\OT1/ptm/m/n/8 M.14| 
 []


Overfull \hbox (2.88556pt too wide) in paragraph at lines 279--279
[]\OT1/ptm/m/n/8 M.15| 
 []


Underfull \hbox (badness 5431) in paragraph at lines 279--279
[]\OT1/ptm/m/n/8 Converted home eq-uity
 []



[3]
<hcn_flowchart.png, id=324, 250.9375pt x 206.7725pt>
File: hcn_flowchart.png Graphic file (type png)
<use hcn_flowchart.png>
Package pdftex.def Info: hcn_flowchart.png  used on input line 297.
(pdftex.def)             Requested size: 250.93687pt x 206.77199pt.



Underfull \hbox (badness 10000) in paragraph at lines 317--317
[]\OT1/ptm/b/n/8 HC-N
 []


Underfull \hbox (badness 2573) in paragraph at lines 317--317
[]\OT1/ptm/b/n/8 HC-N Memo De-scrip-
 []


Underfull \hbox (badness 1661) in paragraph at lines 319--319
\OT1/ptm/m/n/8 op-ment, and other land
 []


Underfull \hbox (badness 1661) in paragraph at lines 321--321
\OT1/ptm/m/n/8 op-ment, and other land
 []


Underfull \hbox (badness 1552) in paragraph at lines 323--323
\OT1/ptm/m/n/8 ily res-i-den-tial prop-er-ties
 []


Underfull \hbox (badness 10000) in paragraph at lines 327--327
[]\OT1/ptm/m/n/8 Secured by non-farm
 []


Underfull \hbox (badness 1584) in paragraph at lines 327--327
\OT1/ptm/m/n/8 non-res-i-den-tial prop-er-ties:
 []


Underfull \hbox (badness 10000) in paragraph at lines 327--327
\OT1/ptm/m/n/8 Loans se-cured by
 []


Underfull \hbox (badness 4779) in paragraph at lines 327--327
\OT1/ptm/m/n/8 owner-occupied non-farm
 []


Underfull \hbox (badness 10000) in paragraph at lines 329--329
[]\OT1/ptm/m/n/8 Secured by non-farm
 []


Underfull \hbox (badness 1584) in paragraph at lines 329--329
\OT1/ptm/m/n/8 non-res-i-den-tial prop-er-ties:
 []


Underfull \hbox (badness 10000) in paragraph at lines 329--329
\OT1/ptm/m/n/8 non-farm non-res-i-den-tial
 []


Underfull \hbox (badness 2469) in paragraph at lines 333--333
\OT1/ptm/m/n/8 loans: To non-U.S. ad-
 []


Underfull \hbox (badness 1552) in paragraph at lines 335--335
\OT1/ptm/m/n/8 (domi-cile) and non-U.S.
 []


Underfull \hbox (badness 1931) in paragraph at lines 339--339
\OT1/ptm/m/n/8 fi-nance agri-cul-tural pro-
 []


Underfull \hbox (badness 2990) in paragraph at lines 341--341
[]\OT1/ptm/m/n/8 All other loans: Credit
 []


Underfull \hbox (badness 4660) in paragraph at lines 345--345
[]\OT1/ptm/m/n/8 All other loans: Other
 []


Underfull \hbox (badness 10000) in paragraph at lines 347--347
\OT1/ptm/m/n/8 loans to in-di-vid-u-als
 []


Underfull \hbox (badness 10000) in paragraph at lines 347--347
\OT1/ptm/m/n/8 for house-hold, fam-ily,
 []


Underfull \hbox (badness 10000) in paragraph at lines 347--347
\OT1/ptm/m/n/8 and other per-sonal
 []


Underfull \hbox (badness 1838) in paragraph at lines 351--351
\OT1/ptm/m/n/8 tion, and land de-vel-op-
 []


Underfull \hbox (badness 2173) in paragraph at lines 351--351
\OT1/ptm/m/n/8 ment ac-tiv-i-ties (not se-
 []



[4 <./hcn_flowchart.png>]


Underfull \hbox (badness 10000) in paragraph at lines 377--377
[]\OT1/ptm/b/n/8 Equivalent
 []


Underfull \hbox (badness 10000) in paragraph at lines 389--389
[]\OT1/ptm/m/n/8 No
 []


Underfull \hbox (badness 5331) in paragraph at lines 393--393
\OT1/ptm/m/n/8 9.b.1, 9.b.2,
 []



[5]


Underfull \hbox (badness 1810) in paragraph at lines 440--440
[]\OT1/ptm/b/n/8 HI-C De-scrip-tion (Loans and
 []


Underfull \hbox (badness 10000) in paragraph at lines 440--441
[]\OT1/ptm/b/n/8 Correspon-
 []


Underfull \hbox (badness 2538) in paragraph at lines 440--441
\OT1/ptm/b/n/8 ding HC-C
 []


Underfull \hbox (badness 10000) in paragraph at lines 442--443
[]\OT1/ptm/m/n/8 HC-C,
 []


Underfull \hbox (badness 10000) in paragraph at lines 442--443
\OT1/ptm/m/n/8 1.a.(1)--
 []


Underfull \hbox (badness 10000) in paragraph at lines 444--445
[]\OT1/ptm/m/n/8 HC-C, 1.b,
 []


Underfull \hbox (badness 10000) in paragraph at lines 444--445
\OT1/ptm/m/n/8 1.e.(1)--
 []


Underfull \hbox (badness 10000) in paragraph at lines 446--447
[]\OT1/ptm/m/n/8 HC-C,
 []


Underfull \hbox (badness 10000) in paragraph at lines 446--447
\OT1/ptm/m/n/8 1.c.(1),
 []


Underfull \hbox (badness 10000) in paragraph at lines 446--447
\OT1/ptm/m/n/8 1.c.(2)(a)--
 []


Underfull \hbox (badness 8189) in paragraph at lines 448--449
[]\OT1/ptm/m/n/8 HC-C, 2.a--
 []


Underfull \hbox (badness 10000) in paragraph at lines 452--453
[]\OT1/ptm/m/n/8 HC-C, 6.b,
 []


Underfull \hbox (badness 10000) in paragraph at lines 454--455
[]\OT1/ptm/m/n/8 No di-rect
 []


Underfull \hbox (badness 10000) in paragraph at lines 454--455
\OT1/ptm/m/n/8 map-ping
 []


Underfull \hbox (badness 10000) in paragraph at lines 454--455
\OT1/ptm/m/n/8 pos-si-ble to
 []


Underfull \hbox (badness 10000) in paragraph at lines 468--468
[]\OT1/ptm/b/n/8 Available-for-
 []


Underfull \hbox (badness 10000) in paragraph at lines 468--469
[]\OT1/ptm/b/n/8 Held-to-
 []


Underfull \hbox (badness 10000) in paragraph at lines 468--469
\OT1/ptm/b/n/8 Maturity
 []


Underfull \hbox (badness 10000) in paragraph at lines 470--470
\OT1/ptm/m/n/8 or market-
 []


Underfull \hbox (badness 10000) in paragraph at lines 470--470
\OT1/ptm/m/n/8 or ALM; may
 []


Underfull \hbox (badness 10000) in paragraph at lines 470--471
[]\OT1/ptm/m/n/8 Hold to
 []


Underfull \hbox (badness 4242) in paragraph at lines 470--471
\OT1/ptm/m/n/8 ma-tu-rity, col-lect
 []


Underfull \hbox (badness 4739) in paragraph at lines 470--471
\OT1/ptm/m/n/8 con-trac-tual cash
 []


Underfull \hbox (badness 10000) in paragraph at lines 472--472
[]\OT1/ptm/m/n/8 HC-D (Trad-ing
 []


Underfull \hbox (badness 10000) in paragraph at lines 472--472
[]\OT1/ptm/m/n/8 HC-B
 []


Underfull \hbox (badness 10000) in paragraph at lines 472--473
[]\OT1/ptm/m/n/8 HC-B
 []


Overfull \hbox (3.04037pt too wide) in paragraph at lines 476--476
[]\OT1/ptm/b/n/8 Unrealized
 []


Overfull \hbox (10.31209pt too wide) in paragraph at lines 476--476
\OT1/ptm/b/n/8 Gains/Losses| 
 []


Underfull \hbox (badness 10000) in paragraph at lines 476--476
[]\OT1/ptm/m/n/8 Other
 []


Underfull \hbox (badness 10000) in paragraph at lines 476--476
\OT1/ptm/m/n/8 com-pre-hen-sive
 []


Underfull \hbox (badness 10000) in paragraph at lines 476--477
[]\OT1/ptm/m/n/8 Not rec-og-nized
 []


Underfull \hbox (badness 10000) in paragraph at lines 478--478
[]\OT1/ptm/b/n/8 Typical
 []


Underfull \hbox (badness 10000) in paragraph at lines 478--478
[]\OT1/ptm/m/n/8 Trading loans,
 []


Underfull \hbox (badness 10000) in paragraph at lines 478--478
\OT1/ptm/m/n/8 deriva-tives,
 []


Underfull \hbox (badness 10000) in paragraph at lines 478--478
[]\OT1/ptm/m/n/8 Bonds, MBS,
 []


Underfull \hbox (badness 10000) in paragraph at lines 478--479
[]\OT1/ptm/m/n/8 Treasuries,
 []


Underfull \hbox (badness 2753) in paragraph at lines 480--480
[]\OT1/ptm/b/n/8 Risk Fo-
 []


Underfull \hbox (badness 5431) in paragraph at lines 480--480
[]\OT1/ptm/m/n/8 Interest rate &
 []


Overfull \hbox (0.85973pt too wide) in paragraph at lines 466--483
 [][] 
 []



[6]


Underfull \hbox (badness 10000) in paragraph at lines 499--499
[]\OT1/ptm/b/n/8 Equivalent
 []


Underfull \hbox (badness 10000) in paragraph at lines 499--499
\OT1/ptm/b/n/8 HC-C
 []


Underfull \hbox (badness 6893) in paragraph at lines 501--501
\OT1/ptm/m/n/8 un-earned in-come,
 []


Underfull \hbox (badness 10000) in paragraph at lines 501--501
\OT1/ptm/m/n/8 se-cured by 1-4
 []


Underfull \hbox (badness 10000) in paragraph at lines 501--501
\OT1/ptm/m/n/8 fam-ily res-i-den-tial
 []


Overfull \vbox (25.18784pt too high) detected at line 501
 []


Underfull \hbox (badness 10000) in paragraph at lines 504--504
[]\OT1/ptm/m/n/8 HC-C,
 []


Underfull \hbox (badness 10000) in paragraph at lines 506--506
[]\OT1/ptm/m/n/8 HC-C,
 []


Underfull \hbox (badness 10000) in paragraph at lines 508--508
\OT1/ptm/m/n/8 and leases, all
 []


Underfull \hbox (badness 3989) in paragraph at lines 512--512
[]\OT1/ptm/m/n/8 HC-C, Line
 []


Underfull \hbox (badness 3557) in paragraph at lines 514--514
\OT1/ptm/m/n/8 and leases, com-
 []


Underfull \hbox (badness 3989) in paragraph at lines 515--515
[]\OT1/ptm/m/n/8 HC-C, Line
 []


Underfull \hbox (badness 10000) in paragraph at lines 517--517
[]\OT1/ptm/m/n/8 HC-K, Line
 []


Underfull \hbox (badness 10000) in paragraph at lines 517--517
\OT1/ptm/m/n/8 3.a.5.a--3.a.5.b:
 []


Underfull \hbox (badness 10000) in paragraph at lines 517--517
\OT1/ptm/m/n/8 Loans to
 []


Underfull \hbox (badness 10000) in paragraph at lines 517--517
\OT1/ptm/m/n/8 in-di-vid-u-als for
 []


Underfull \hbox (badness 3977) in paragraph at lines 517--517
\OT1/ptm/m/n/8 house-hold, fam-ily
 []


Underfull \hbox (badness 8189) in paragraph at lines 518--518
[]\OT1/ptm/m/n/8 HC-C, 6.a--
 []


Overfull \hbox (3.0861pt too wide) in paragraph at lines 497--521
 [][] 
 []



[7]
Underfull \hbox (badness 10000) in paragraph at lines 562--562
\OT1/ptm/m/n/8 ac-tive mar-kets
 []


Underfull \hbox (badness 10000) in paragraph at lines 562--562
\OT1/ptm/m/n/8 for iden-ti-cal
 []


Underfull \hbox (badness 10000) in paragraph at lines 562--562
\OT1/ptm/m/n/8 as-sets or
 []


Underfull \hbox (badness 3471) in paragraph at lines 562--563
[]\OT1/ptm/m/n/8 Exchange-traded eq-
 []


Underfull \hbox (badness 10000) in paragraph at lines 564--564
[]\OT1/ptm/m/n/8 Observable
 []


Underfull \hbox (badness 10000) in paragraph at lines 564--564
\OT1/ptm/m/n/8 quoted prices;
 []


Underfull \hbox (badness 10000) in paragraph at lines 564--564
\OT1/ptm/m/n/8 in-cludes mar-ket
 []


Underfull \hbox (badness 1917) in paragraph at lines 564--564
\OT1/ptm/m/n/8 data for sim-i-lar
 []


Underfull \hbox (badness 10000) in paragraph at lines 566--566
[]\OT1/ptm/m/n/8 Unobservable
 []


Underfull \hbox (badness 10000) in paragraph at lines 566--566
\OT1/ptm/m/n/8 mod-els or
 []


Underfull \hbox (badness 10000) in paragraph at lines 585--585
[]\OT1/ptm/m/n/8 Loans se-cured by
 []


Underfull \hbox (badness 10000) in paragraph at lines 585--585
[]\OT1/ptm/m/n/8 Loans se-cured by
 []


Underfull \hbox (badness 10000) in paragraph at lines 585--586
[]\OT1/ptm/m/n/8 HC-Q Memo
 []


Underfull \hbox (badness 5331) in paragraph at lines 585--586
\OMS/cmsy/m/n/8 $$ \OT1/ptm/m/n/8 HC-C Line
 []


Underfull \hbox (badness 10000) in paragraph at lines 587--587
[]\OT1/ptm/m/n/8 Loans se-cured by
 []


Underfull \hbox (badness 10000) in paragraph at lines 587--587
\OT1/ptm/m/n/8 mul-ti-fam-ily (5+
 []


Underfull \hbox (badness 10000) in paragraph at lines 587--587
\OT1/ptm/m/n/8 units) res-i-den-tial
 []


Underfull \hbox (badness 10000) in paragraph at lines 587--587
[]\OT1/ptm/m/n/8 Loans se-cured
 []


Underfull \hbox (badness 10000) in paragraph at lines 587--587
\OT1/ptm/m/n/8 by mul-ti-fam-ily
 []


Underfull \hbox (badness 10000) in paragraph at lines 587--588
[]\OT1/ptm/m/n/8 HC-Q Memo
 []


Underfull \hbox (badness 5331) in paragraph at lines 587--588
\OMS/cmsy/m/n/8 $$ \OT1/ptm/m/n/8 HC-C Line
 []


Underfull \hbox (badness 10000) in paragraph at lines 589--589
[]\OT1/ptm/m/n/8 Loans se-cured
 []


Underfull \hbox (badness 10000) in paragraph at lines 589--589
\OT1/ptm/m/n/8 by non-farm
 []


Underfull \hbox (badness 10000) in paragraph at lines 589--589
\OT1/ptm/m/n/8 non-res-i-den-tial
 []


Underfull \hbox (badness 10000) in paragraph at lines 589--589
[]\OT1/ptm/m/n/8 Loans se-cured
 []


Underfull \hbox (badness 10000) in paragraph at lines 589--589
\OT1/ptm/m/n/8 by non-farm
 []


Underfull \hbox (badness 10000) in paragraph at lines 589--589
\OT1/ptm/m/n/8 non-res-i-den-tial
 []


Underfull \hbox (badness 10000) in paragraph at lines 589--590
[]\OT1/ptm/m/n/8 HC-Q Memo
 []


Underfull \hbox (badness 5331) in paragraph at lines 589--590
\OMS/cmsy/m/n/8 $$ \OT1/ptm/m/n/8 HC-C Line
 []


Underfull \hbox (badness 10000) in paragraph at lines 591--592
[]\OT1/ptm/m/n/8 HC-Q Memo
 []


Underfull \hbox (badness 1546) in paragraph at lines 593--593
[]\OT1/ptm/m/n/8 Loans to de-pos-i-tory
 []


Underfull \hbox (badness 1546) in paragraph at lines 593--593
[]\OT1/ptm/m/n/8 Loans to de-pos-i-tory
 []


Underfull \hbox (badness 10000) in paragraph at lines 593--594
[]\OT1/ptm/m/n/8 HC-Q Memo
 []


Underfull \hbox (badness 10000) in paragraph at lines 593--594
\OT1/ptm/m/n/8 Line 4.d $\OMS/cmsy/m/n/8 $$
 []


Underfull \hbox (badness 3668) in paragraph at lines 593--594
\OT1/ptm/m/n/8 HC-C Line 2.a
 []


Underfull \hbox (badness 4752) in paragraph at lines 595--595
[]\OT1/ptm/m/n/8 Agricultural pro-duc-
 []


Underfull \hbox (badness 10000) in paragraph at lines 595--595
[]\OT1/ptm/m/n/8 Loans to fi-nance
 []


Underfull \hbox (badness 10000) in paragraph at lines 595--595
\OT1/ptm/m/n/8 agri-cul-tural
 []


Underfull \hbox (badness 10000) in paragraph at lines 595--595
\OT1/ptm/m/n/8 pro-duc-tion and
 []


Underfull \hbox (badness 10000) in paragraph at lines 595--596
[]\OT1/ptm/m/n/8 HC-Q Memo
 []


Underfull \hbox (badness 10000) in paragraph at lines 595--596
\OT1/ptm/m/n/8 Line 4.d $\OMS/cmsy/m/n/8 $$
 []


Underfull \hbox (badness 10000) in paragraph at lines 597--598
[]\OT1/ptm/m/n/8 HC-Q Memo
 []


Underfull \hbox (badness 10000) in paragraph at lines 597--598
\OT1/ptm/m/n/8 Line 4.b,HC-C
 []


Underfull \hbox (badness 10000) in paragraph at lines 599--599
[]\OT1/ptm/m/n/8 Consumer loans
 []


Underfull \hbox (badness 7221) in paragraph at lines 599--599
\OT1/ptm/m/n/8 (credit cards, auto,
 []


Underfull \hbox (badness 10000) in paragraph at lines 599--600
[]\OT1/ptm/m/n/8 HC-Q Memo
 []


Underfull \hbox (badness 10000) in paragraph at lines 599--600
\OT1/ptm/m/n/8 Line 6.b,HC-C
 []


Underfull \hbox (badness 10000) in paragraph at lines 599--600
\OT1/ptm/m/n/8 Line 6.c,HC-C
 []


Underfull \hbox (badness 10000) in paragraph at lines 601--602
[]\OT1/ptm/m/n/8 HC-Q Memo
 []


Underfull \hbox (badness 10000) in paragraph at lines 601--602
\OT1/ptm/m/n/8 Line 4.d $\OMS/cmsy/m/n/8 $$
 []


Underfull \hbox (badness 10000) in paragraph at lines 603--604
[]\OT1/ptm/m/n/8 HC-Q Memo
 []


Underfull \hbox (badness 10000) in paragraph at lines 603--604
\OT1/ptm/m/n/8 Line 4.d $\OMS/cmsy/m/n/8 $$
 []


Underfull \hbox (badness 10000) in paragraph at lines 605--605
[]\OT1/ptm/m/n/8 All other loans
 []


Underfull \hbox (badness 10000) in paragraph at lines 605--606
[]\OT1/ptm/m/n/8 HC-Q Memo
 []


Underfull \hbox (badness 10000) in paragraph at lines 605--606
\OT1/ptm/m/n/8 Line 4.d $\OMS/cmsy/m/n/8 $$
 []





[8]


Underfull \hbox (badness 10000) in paragraph at lines 664--664
[]\OT1/ptm/b/n/8 Adjustment
 []


Underfull \hbox (badness 10000) in paragraph at lines 664--664
\OT1/ptm/b/n/8 Col B
 []


Underfull \hbox (badness 10000) in paragraph at lines 664--665
[]\OT1/ptm/b/n/8 Applicable
 []


Underfull \hbox (badness 10000) in paragraph at lines 664--665
\OT1/ptm/b/n/8 Risk
 []


Overfull \hbox (1.31279pt too wide) in paragraph at lines 666--667
[]\OT1/ptm/m/n/8 0%,20%,50%
 []


Underfull \hbox (badness 5893) in paragraph at lines 668--668
\OT1/ptm/m/n/8 for sale: High volatil-
 []


Overfull \hbox (1.31279pt too wide) in paragraph at lines 668--669
[]\OT1/ptm/m/n/8 0%,20%,50%
 []


Underfull \hbox (badness 10000) in paragraph at lines 670--671
[]\OT1/ptm/m/n/8 0%,2%,4%
 []


Underfull \hbox (badness 10000) in paragraph at lines 670--671
\OT1/ptm/m/n/8 ,20% ,50%
 []


Overfull \hbox (1.31279pt too wide) in paragraph at lines 672--673
[]\OT1/ptm/m/n/8 0%,20%,50%
 []


Underfull \hbox (badness 10000) in paragraph at lines 674--674
[]\OT1/ptm/m/n/8 5b. Loans and leases
 []


Underfull \hbox (badness 10000) in paragraph at lines 674--675
[]\OT1/ptm/m/n/8 0%,20%
 []


Underfull \hbox (badness 10000) in paragraph at lines 674--675
\OT1/ptm/m/n/8 ,50%,100%
 []


Underfull \hbox (badness 10000) in paragraph at lines 676--677
[]\OT1/ptm/m/n/8 0%,2%,4%
 []


Underfull \hbox (badness 10000) in paragraph at lines 676--677
\OT1/ptm/m/n/8 ,20%
 []


Underfull \hbox (badness 10000) in paragraph at lines 676--677
\OT1/ptm/m/n/8 ,50%,100%
 []


Underfull \hbox (badness 2384) in paragraph at lines 678--678
[]\OT1/ptm/m/n/8 6. Less: Al-lowance for
 []


Underfull \hbox (badness 10000) in paragraph at lines 678--679
[]\OT1/ptm/m/n/8 Deduction
 []


Underfull \hbox (badness 10000) in paragraph at lines 678--679
\OT1/ptm/m/n/8 (not risk-
 []


Overfull \vbox (27.0pt too high) detected at line 680
 []


Underfull \hbox (badness 5667) in paragraph at lines 682--682
\OT1/ptm/m/n/8 cu-ri-ti-za-tion ex-po-sures :
 []


Underfull \hbox (badness 3039) in paragraph at lines 689--689
\OT1/ptm/m/n/8 with ma-tu-rity $\OML/cmm/m/it/8 <$\OT1/ptm/m/n/8 1 year
 []


Overfull \vbox (9.0pt too high) detected at line 689
 []


Underfull \hbox (badness 10000) in paragraph at lines 689--690
[]\OT1/ptm/m/n/8 0%,2%,4%
 []


Underfull \hbox (badness 10000) in paragraph at lines 689--690
\OT1/ptm/m/n/8 ,20%
 []


Underfull \hbox (badness 10000) in paragraph at lines 691--691
[]\OT1/ptm/m/n/8 18b. Un-used
 []


Underfull \hbox (badness 10000) in paragraph at lines 691--691
\OT1/ptm/m/n/8 com-mit-ments with
 []


Underfull \hbox (badness 10000) in paragraph at lines 691--691
\OT1/ptm/m/n/8 ma-tu-rity $\OML/cmm/m/it/8 >$\OT1/ptm/m/n/8 1 year
 []


Underfull \hbox (badness 10000) in paragraph at lines 691--692
[]\OT1/ptm/m/n/8 0%,2%,4%
 []


Underfull \hbox (badness 10000) in paragraph at lines 691--692
\OT1/ptm/m/n/8 ,20%
 []


Underfull \hbox (badness 10000) in paragraph at lines 693--693
\OT1/ptm/m/n/8 un-con-di-tion-ally
 []


Underfull \hbox (badness 10000) in paragraph at lines 693--694
[]\OT1/ptm/m/n/8 No risk
 []



[9]
Overfull \hbox (5.89096pt too wide) in paragraph at lines 727--727
[]\OT1/ptm/b/n/8 Corresponding
 []


Underfull \hbox (badness 10000) in paragraph at lines 727--727
\OT1/ptm/b/n/8 HC-C Line
 []


Underfull \hbox (badness 2111) in paragraph at lines 729--729
[]\OT1/ptm/m/n/8 Column A :1-4 Fam-ily
 []


Underfull \hbox (badness 10000) in paragraph at lines 729--729
[]\OT1/ptm/m/n/8 HC-C, Item
 []


Underfull \hbox (badness 2922) in paragraph at lines 729--730
\OT1/ptm/m/n/8 4 fam-ily res-i-den-tial
 []


Underfull \hbox (badness 10000) in paragraph at lines 731--731
[]\OT1/ptm/m/n/8 HC-C, Item
 []


Underfull \hbox (badness 2671) in paragraph at lines 731--732
[]\OT1/ptm/m/n/8 Revolving, open-end
 []


Underfull \hbox (badness 10000) in paragraph at lines 731--732
\OT1/ptm/m/n/8 fam-ily res-i-den-tial
 []


Underfull \hbox (badness 10000) in paragraph at lines 731--732
\OT1/ptm/m/n/8 prop-er-ties and
 []


Underfull \hbox (badness 10000) in paragraph at lines 733--733
[]\OT1/ptm/m/n/8 HC-C, Item
 []


Underfull \hbox (badness 10000) in paragraph at lines 735--735
[]\OT1/ptm/m/n/8 HC-C, Item
 []


Underfull \hbox (badness 10000) in paragraph at lines 737--737
[]\OT1/ptm/m/n/8 HC-C, Item
 []


Underfull \hbox (badness 1533) in paragraph at lines 741--741
[]\OT1/ptm/m/n/8 Column G : All Other
 []


Underfull \hbox (badness 10000) in paragraph at lines 741--742
[]\OT1/ptm/m/n/8 Various loan
 []


Underfull \hbox (badness 2635) in paragraph at lines 741--742
\OT1/ptm/m/n/8 cat-e-gories in-clud-ing:
 []


Underfull \hbox (badness 10000) in paragraph at lines 741--742
\OT1/ptm/m/n/8 Items 1.a-1.b (real
 []


Underfull \hbox (badness 10000) in paragraph at lines 741--742
\OT1/ptm/m/n/8 in-sti-tu-tions), 3
 []


Underfull \hbox (badness 10000) in paragraph at lines 741--742
\OT1/ptm/m/n/8 (agri-cul-tural),
 []


Underfull \hbox (badness 10000) in paragraph at lines 741--742
\OT1/ptm/m/n/8 7 (for-eign
 []


Underfull \hbox (badness 10000) in paragraph at lines 741--742
\OT1/ptm/m/n/8 gov-ern-ments), 9
 []


Underfull \hbox (badness 10000) in paragraph at lines 741--742
\OT1/ptm/m/n/8 (non-de-pos-i-tory
 []


Underfull \hbox (badness 10000) in paragraph at lines 741--742
\OT1/ptm/m/n/8 and 10 (lease
 []


Underfull \hbox (badness 7540) in paragraph at lines 754--754
[]\OT1/ptm/b/n/8 HC-S De-scrip-
 []


Underfull \hbox (badness 10000) in paragraph at lines 754--754
[]\OT1/ptm/b/n/8 Related
 []


Underfull \hbox (badness 10000) in paragraph at lines 754--755
[]\OT1/ptm/b/n/8 Relationship
 []


Underfull \hbox (badness 10000) in paragraph at lines 758--758
[]\OT1/ptm/m/n/8 Item 3 ,
 []


Underfull \hbox (badness 4686) in paragraph at lines 758--758
\OT1/ptm/m/n/8 Memo Item
 []


Underfull \hbox (badness 10000) in paragraph at lines 758--758
[]\OT1/ptm/m/n/8 Unused
 []


Underfull \hbox (badness 4660) in paragraph at lines 758--758
\OT1/ptm/m/n/8 com-mit-ments to
 []


Underfull \hbox (badness 10000) in paragraph at lines 758--758
\OT1/ptm/m/n/8 to con-sol-i-dated
 []


Underfull \hbox (badness 10000) in paragraph at lines 758--758
\OT1/ptm/m/n/8 which have
 []


Underfull \hbox (badness 10000) in paragraph at lines 758--758
\OT1/ptm/m/n/8 been sold and
 []


Underfull \hbox (badness 5446) in paragraph at lines 758--758
[]\OT1/ptm/m/n/8 HC-L, Item
 []


Underfull \hbox (badness 10000) in paragraph at lines 758--759
[]\OT1/ptm/m/n/8 Liquidity
 []


Underfull \hbox (badness 10000) in paragraph at lines 758--759
\OT1/ptm/m/n/8 com-mit-ments
 []


Underfull \hbox (badness 6300) in paragraph at lines 758--759
\OT1/ptm/m/n/8 to se-cu-ri-ti-za-tion
 []


Underfull \hbox (badness 10000) in paragraph at lines 758--759
\OT1/ptm/m/n/8 struc-tures
 []


Underfull \hbox (badness 10000) in paragraph at lines 758--759
\OT1/ptm/m/n/8 are re-ported
 []


Underfull \hbox (badness 10000) in paragraph at lines 758--759
\OT1/ptm/m/n/8 as un-used
 []


Underfull \hbox (badness 2334) in paragraph at lines 760--760
[]\OT1/ptm/m/n/8 Item 9 and
 []


Underfull \hbox (badness 4686) in paragraph at lines 760--760
\OT1/ptm/m/n/8 Memo Item
 []


Underfull \hbox (badness 10000) in paragraph at lines 760--760
[]\OT1/ptm/m/n/8 Credit
 []


Underfull \hbox (badness 5446) in paragraph at lines 760--760
[]\OT1/ptm/m/n/8 HC-L, Item
 []


Underfull \hbox (badness 10000) in paragraph at lines 760--761
[]\OT1/ptm/m/n/8 Credit
 []


Underfull \hbox (badness 10000) in paragraph at lines 760--761
\OT1/ptm/m/n/8 en-hance-ments
 []


Underfull \hbox (badness 10000) in paragraph at lines 760--761
\OT1/ptm/m/n/8 via standby
 []


Underfull \hbox (badness 2343) in paragraph at lines 760--761
\OT1/ptm/m/n/8 let-ters of credit
 []


Underfull \hbox (badness 10000) in paragraph at lines 760--761
\OT1/ptm/m/n/8 both Fi-nan-cial
 []


Underfull \hbox (badness 10000) in paragraph at lines 764--764
[]\OT1/ptm/m/n/8 Assets 30-89
 []


Underfull \hbox (badness 10000) in paragraph at lines 764--764
\OT1/ptm/m/n/8 days past due
 []


Underfull \hbox (badness 4556) in paragraph at lines 764--764
\OT1/ptm/m/n/8 and as-sets 90+
 []


Underfull \hbox (badness 10000) in paragraph at lines 764--765
\OT1/ptm/m/n/8 for se-cu-ri-tized
 []


Underfull \hbox (badness 10000) in paragraph at lines 764--765
\OT1/ptm/m/n/8 loans still on
 []


Underfull \hbox (badness 10000) in paragraph at lines 768--768
[]\OT1/ptm/m/n/8 Charge-offs on
 []


Underfull \hbox (badness 10000) in paragraph at lines 768--769
[]\OT1/ptm/m/n/8 Year-to-date
 []


Underfull \hbox (badness 10000) in paragraph at lines 768--769
\OT1/ptm/m/n/8 charge-offs on
 []


Underfull \hbox (badness 10000) in paragraph at lines 770--771
[]\OT1/ptm/m/n/8 Year-to-date
 []


Underfull \hbox (badness 10000) in paragraph at lines 770--771
\OT1/ptm/m/n/8 re-cov-er-ies on
 []


Underfull \hbox (badness 2334) in paragraph at lines 774--774
[]\OT1/ptm/m/n/8 Item 1 and
 []


Underfull \hbox (badness 4686) in paragraph at lines 774--774
[]\OT1/ptm/m/n/8 Outstanding 1-4
 []


Underfull \hbox (badness 10000) in paragraph at lines 774--775
[]\OT1/ptm/m/n/8 Mortgages sold
 []


Underfull \hbox (badness 4686) in paragraph at lines 776--776
[]\OT1/ptm/m/n/8 Memo Item
 []


Underfull \hbox (badness 10000) in paragraph at lines 776--776
[]\OT1/ptm/m/n/8 1-4 fam-ily
 []


Underfull \hbox (badness 10000) in paragraph at lines 776--776
\OT1/ptm/m/n/8 mort-gages
 []


Underfull \hbox (badness 10000) in paragraph at lines 776--776
\OT1/ptm/m/n/8 ser-viced with
 []


Underfull \hbox (badness 10000) in paragraph at lines 776--776
\OT1/ptm/m/n/8 and with-out
 []


Underfull \hbox (badness 10000) in paragraph at lines 776--777
[]\OT1/ptm/m/n/8 Originated/
 []


Underfull \hbox (badness 10000) in paragraph at lines 776--777
\OT1/ptm/m/n/8 pur-chased
 []


Underfull \hbox (badness 10000) in paragraph at lines 776--777
\OT1/ptm/m/n/8 mort-gages
 []


Underfull \hbox (badness 10000) in paragraph at lines 776--777
\OT1/ptm/m/n/8 with ser-vic-ing
 []


Underfull \hbox (badness 10000) in paragraph at lines 776--777
\OT1/ptm/m/n/8 re-tained.
 []


Underfull \hbox (badness 10000) in paragraph at lines 780--780
[]\OT1/ptm/m/n/8 Ownership
 []


Underfull \hbox (badness 10000) in paragraph at lines 780--780
\OT1/ptm/m/n/8 in-ter-ests car-ried
 []


Underfull \hbox (badness 2837) in paragraph at lines 780--780
[]\OT1/ptm/m/n/8 HC-Q, Item
 []


Underfull \hbox (badness 4673) in paragraph at lines 780--781
[]\OT1/ptm/m/n/8 Loans held for
 []


Underfull \hbox (badness 10000) in paragraph at lines 782--782
[]\OT1/ptm/m/n/8 Credit
 []


Underfull \hbox (badness 10000) in paragraph at lines 782--782
\OT1/ptm/m/n/8 en-hance-ments
 []


Underfull \hbox (badness 10000) in paragraph at lines 782--782
\OT1/ptm/m/n/8 and re-tained
 []


Underfull \hbox (badness 10000) in paragraph at lines 782--782
[]\OT1/ptm/m/n/8 HC-Q,
 []


Underfull \hbox (badness 4686) in paragraph at lines 782--782
\OT1/ptm/m/n/8 Memo Item
 []


Underfull \hbox (badness 10000) in paragraph at lines 782--783
[]\OT1/ptm/m/n/8 Loan
 []


Underfull \hbox (badness 10000) in paragraph at lines 782--783
\OT1/ptm/m/n/8 com-mit-ments
 []


Underfull \hbox (badness 10000) in paragraph at lines 786--786
[]\OT1/ptm/m/n/8 HC-R, Part
 []


Underfull \hbox (badness 10000) in paragraph at lines 786--787
[]\OT1/ptm/m/n/8 Retained
 []


Underfull \hbox (badness 10000) in paragraph at lines 786--787
\OT1/ptm/m/n/8 re-course on
 []


Underfull \hbox (badness 10000) in paragraph at lines 786--787
\OT1/ptm/m/n/8 sold obli-ga-tions
 []


Underfull \hbox (badness 10000) in paragraph at lines 786--787
\OT1/ptm/m/n/8 (100% risk
 []


Underfull \hbox (badness 10000) in paragraph at lines 788--788
[]\OT1/ptm/m/n/8 Credit
 []


Underfull \hbox (badness 10000) in paragraph at lines 788--788
\OT1/ptm/m/n/8 en-hance-ments
 []


Underfull \hbox (badness 10000) in paragraph at lines 788--788
[]\OT1/ptm/m/n/8 HC-R, Part
 []


Underfull \hbox (badness 2343) in paragraph at lines 788--789
\OT1/ptm/m/n/8 let-ters of credit
 []


Underfull \hbox (badness 4686) in paragraph at lines 790--790
\OT1/ptm/m/n/8 Memo Item
 []


Underfull \hbox (badness 10000) in paragraph at lines 790--790
[]\OT1/ptm/m/n/8 Outstanding
 []


Underfull \hbox (badness 10000) in paragraph at lines 790--790
[]\OT1/ptm/m/n/8 HC-R, Part
 []


Underfull \hbox (badness 10000) in paragraph at lines 790--790
\OT1/ptm/m/n/8 II, Items
 []


Underfull \hbox (badness 10000) in paragraph at lines 790--791
[]\OT1/ptm/m/n/8 On- and off-
 []


Underfull \hbox (badness 10000) in paragraph at lines 790--791
\OT1/ptm/m/n/8 balance sheet
 []


Underfull \hbox (badness 10000) in paragraph at lines 790--791
\OT1/ptm/m/n/8 se-cu-ri-ti-za-tion
 []





[10]

<combined_flowchart_TB.png, id=402, 5500.55pt x 744.7825pt>
File: combined_flowchart_TB.png Graphic file (type png)
<use combined_flowchart_TB.png>
Package pdftex.def Info: combined_flowchart_TB.png  used on input line 824.
(pdftex.def)             Requested size: 515.9271pt x 69.85727pt.

Overfull \hbox (13.06511pt too wide) in paragraph at lines 837--857
 [][] 
 []



[11]


Overfull \hbox (13.8484pt too wide) in paragraph at lines 969--1010
 [][] 
 []


Underfull \vbox (badness 10000) has occurred while \output is active []



[12 <./combined_flowchart_TB.png>]
Underfull \hbox (badness 10000) in paragraph at lines 1041--1041
[]\OT1/ptm/m/n/8 Schedule
 []


Underfull \hbox (badness 10000) in paragraph at lines 1043--1043
[]\OT1/ptm/m/n/8 Schedule
 []





[13]
Overfull \hbox (9.33205pt too wide) in paragraph at lines 1079--1079
[]\OT1/ptm/b/n/8 Schedule
 []


Overfull \hbox (4.2842pt too wide) in paragraph at lines 1079--1080
[]\OT1/ptm/b/n/8 Present
 []


Overfull \hbox (3.10822pt too wide) in paragraph at lines 1087--1088
[]\OT1/ptm/m/n/8 FFIEC-
 []


Underfull \hbox (badness 10000) in paragraph at lines 1087--1088
\OT1/ptm/m/n/8 031
 []





[14]


Underfull \hbox (badness 10000) in paragraph at lines 1252--1253
[]\OT1/ptm/m/n/8 Regulatory Cap-i-tal In-stru-ments
 []


Underfull \hbox (badness 5388) in paragraph at lines 1254--1255
[]\OT1/ptm/m/n/8 Regulatory Cap-i-tal Trans-ac-tions
 []


Underfull \hbox (badness 10000) in paragraph at lines 1260--1261
[]\OT1/ptm/m/n/8 Pre-Provision Net Rev-enue
 []



[15]
Overfull \hbox (2.21886pt too wide) in paragraph at lines 1301--1301
[]\OT1/ptm/b/n/8 Schedule
 []


Overfull \hbox (0.875pt too wide) in paragraph at lines 1303--1303
[]\OT1/ptm/m/n/8 Schedule
 []


Underfull \hbox (badness 1540) in paragraph at lines 1303--1303
[]\OT1/ptm/m/n/8 Domestic First Lien Closed
 []


Underfull \hbox (badness 1603) in paragraph at lines 1303--1303
\OT1/ptm/m/n/8 End 1-4 Fam-ily Res-i-den-tial
 []


Overfull \hbox (0.875pt too wide) in paragraph at lines 1305--1305
[]\OT1/ptm/m/n/8 Schedule
 []


Overfull \hbox (0.875pt too wide) in paragraph at lines 1307--1307
[]\OT1/ptm/m/n/8 Schedule
 []


Underfull \hbox (badness 10000) in paragraph at lines 1307--1308
[]\OT1/ptm/m/n/8 Detail
 []


Underfull \hbox (badness 10000) in paragraph at lines 1307--1308
\OT1/ptm/m/n/8 Ad-dress
 []


Overfull \hbox (0.875pt too wide) in paragraph at lines 1309--1309
[]\OT1/ptm/m/n/8 Schedule
 []


Underfull \hbox (badness 2050) in paragraph at lines 1309--1309
[]\OT1/ptm/m/n/8 Domestic Credit Card Data
 []


Underfull \vbox (badness 1527) has occurred while \output is active []





[16]



[17]
LaTeX Font Info:    Trying to load font information for OT1+pcr on input line 1
505.

(C:\Users\Lavishiva\AppData\Local\Programs\MiKTeX\tex/latex/psnfss\ot1pcr.fd
File: ot1pcr.fd 2001/06/04 font definitions for OT1/pcr.
)



[18]

LaTeX Warning: Citation `b7' on page 19 undefined on input line 1554.

File: 9C Vs 10-Q Vs NCUA Grayscale.png Graphic file (type png)
<use 9C Vs 10-Q Vs NCUA Grayscale.png>
Package pdftex.def Info: 9C Vs 10-Q Vs NCUA Grayscale.png  used on input line 1
610.
(pdftex.def)             Requested size: 252.94438pt x 173.44757pt.
LaTeX Font Info:    Trying to load font information for OMS+ptm on input line 1
621.
(C:\Users\Lavishiva\AppData\Local\Programs\MiKTeX\tex/latex/psnfss\omsptm.fd
File: omsptm.fd 
)
LaTeX Font Info:    Font shape `OMS/ptm/m/n' in size <10> not available
(Font)              Font shape `OMS/cmsy/m/n' tried instead on input line 1621.




LaTeX Warning: Citation `b1' on page 19 undefined on input line 1634.


LaTeX Warning: Citation `b2' on page 19 undefined on input line 1635.


LaTeX Warning: Citation `b3' on page 19 undefined on input line 1636.


LaTeX Warning: Citation `b3' on page 19 undefined on input line 1636.


LaTeX Warning: Citation `b3' on page 19 undefined on input line 1636.


LaTeX Warning: Citation `b3' on page 19 undefined on input line 1637.


LaTeX Warning: Citation `b4' on page 19 undefined on input line 1645.


LaTeX Warning: Citation `b5' on page 19 undefined on input line 1646.



[19]

LaTeX Warning: Citation `b6' on page 20 undefined on input line 1651.


Underfull \hbox (badness 6675) in paragraph at lines 1655--1656
\OT1/ptm/m/n/8 [On-line]. Avail-able: []$https : / / www . everycrsreport . com
 / reports / R48291 .
 []


Underfull \hbox (badness 10000) in paragraph at lines 1655--1656
\OT1/ptm/m/n/8 html# : [] : text = Contrary % 20to % 20traditional % 20notions 
% 20that ,[] be %
 []


Underfull \hbox (badness 5878) in paragraph at lines 1656--1657
[]\OT1/ptm/m/n/8 \Federal Re-serve Board - Re-port-ing Forms." Ac-cessed: Sept.

 []


Underfull \hbox (badness 2277) in paragraph at lines 1656--1657
\OT1/ptm/m/n/8 06, 2025. [On-line]. Avail-able: []$https : / / www . federalres
erve . gov / apps /
 []


Underfull \hbox (badness 10000) in paragraph at lines 1661--1662
[]\OT1/ptm/m/n/8 \Credit Union As-sets, Loans Out-stand-ing and Net In-come
 []


Underfull \hbox (badness 10000) in paragraph at lines 1661--1662
\OT1/ptm/m/n/8 In-crease | NCUA." Ac-cessed: Sept. 06, 2025. [On-line].
 []


Underfull \hbox (badness 10000) in paragraph at lines 1661--1662
\OT1/ptm/m/n/8 Avail-able:[]$https : / / ncua . gov / newsroom / press-[]releas
e / 2025 /
 []


Underfull \hbox (badness 10000) in paragraph at lines 1661--1662
\OT1/ptm/m/n/8 credit-[]union-[]assets-[]loans-[]outstanding-[]and-[]net-[]inco
me-[]increase ? utm[]
 []


Underfull \hbox (badness 10000) in paragraph at lines 1662--1663
[]\OT1/ptm/m/n/8 \Number of Listed Com-pa-nies for United States
 []


Underfull \hbox (badness 10000) in paragraph at lines 1662--1663
\OT1/ptm/m/n/8 (DDOM01USA644NWDB) | FRED | St. Louis
 []


Underfull \hbox (badness 10000) in paragraph at lines 1662--1663
\OT1/ptm/m/n/8 Fed." Ac-cessed: Sept. 06, 2025. [On-line]. Avail-able:
 []


Underfull \hbox (badness 10000) in paragraph at lines 1665--1666
[]$\OT1/ptm/m/n/8 https : / / fasb . org / page / PageContent ? pageId = /proje
cts / recentlycompleted /
 []


Overfull \hbox (154.38326pt too wide) in paragraph at lines 1665--1666
\OT1/ptm/m/n/8 fair-[]value-[]measurement-[]topic-[]820-[]fair-[]value-[]measur
ement-[]of-[]equity-[]securities-[]subject-[]to-[]contractual-[]sale-[]restrict
ions .
 []


Underfull \hbox (badness 10000) in paragraph at lines 1666--1667
[]\OT1/ptm/m/n/8 \UPDATE NO. 2013-01|BALANCE SHEET (TOPIC 210):
 []


Underfull \hbox (badness 10000) in paragraph at lines 1666--1667
\OT1/ptm/m/n/8 CLAR-I-FY-ING THE SCOPE OF DIS-CLO-SURES ABOUT
 []


Underfull \hbox (badness 8170) in paragraph at lines 1666--1667
\OT1/ptm/m/n/8 OFF-SET-TING AS-SETS AND LI-A-BIL-I-TIES." Ac-cessed: Sept.
 []


Underfull \hbox (badness 1442) in paragraph at lines 1666--1667
\OT1/ptm/m/n/8 18, 2025. [On-line]. Avail-able: []$https : / / www . fasb . org
 / page / document ?
 []


Underfull \hbox (badness 10000) in paragraph at lines 1666--1667
\OT1/ptm/m/n/8 pdf = ASU2013-[]01 . pdf & title = UPDATE % 20NO . %202013-[]01 
% E2 % 80 %
 []


Underfull \hbox (badness 10000) in paragraph at lines 1666--1667
\OT1/ptm/m/n/8 94BALANCE % 20SHEET % 20(TOPIC % 20210) : %20CLARIFYING %
 []


Underfull \hbox (badness 10000) in paragraph at lines 1666--1667
\OT1/ptm/m/n/8 20THE % 20SCOPE % 20OF % 20DISCLOSURES % 20ABOUT %
 []


Underfull \hbox (badness 10000) in paragraph at lines 1667--1668
\OT1/ptm/m/n/8 https://www.federalreserve.gov/econres/notes/feds-notes/bank-len
ding-
 []


Underfull \hbox (badness 10000) in paragraph at lines 1667--1668
\OT1/ptm/m/n/8 to-private-credit-size-characteristics-and-financial-stability-i
mplications-
 []


Underfull \hbox (badness 2158) in paragraph at lines 1668--1669
[]\OT1/ptm/m/n/8 A. (Aloke) Ghosh, H. Jarva, and S. G. Ryan, \Bank Reg-u-la-
 []




Underfull \hbox (badness 2020) in paragraph at lines 1681--1682
[]\OT1/ptm/m/n/8 "Federal Re-serve Board - Re-port-ing Forms - FR Y-14Q", Ac-
 []


Overfull \hbox (198.79132pt too wide) in paragraph at lines 1855--1988
 [][] 
 []


** Conference Paper **
Before submitting the final camera ready copy, remember to:

 1. Manually equalize the lengths of two columns on the last page
 of your paper;

 2. Ensure that any PostScript and/or PDF output post-processing
 uses only Type 1 fonts and that every step in the generation
 process uses the appropriate paper size.



[20] [21] [22]



[23


] (FRY-9C paper.aux)
 ***********
LaTeX2e <2025-06-01> patch level 1
L3 programming layer <2025-07-19>
 ***********


LaTeX Warning: There were undefined references.


LaTeX Warning: There were multiply-defined labels.


Package rerunfilecheck Warning: File `"FRY-9C paper".out' has changed.
(rerunfilecheck)                Rerun to get outlines right
(rerunfilecheck)                or use package `bookmark'.

Package rerunfilecheck Info: Checksums for `"FRY-9C paper".out':
(rerunfilecheck)             Before: 3FACF80C07D94A7502F3D4B2B05FD0CB;15891
(rerunfilecheck)             After:  6F3AA43DED09F135D0B04D0FC0F06A9F;16017.
 ) 
Here is how much of TeX's memory you used:
 24170 strings out of 468148
 476495 string characters out of 5429125
 956187 words of memory out of 5000000
 52177 multiletter control sequences out of 15000+600000
 676714 words of font info for 132 fonts, out of 8000000 for 9000
 1141 hyphenation exceptions out of 8191
 84i,13n,87p,935b,751s stack positions out of 10000i,1000n,20000p,200000b,200000s
<C:/Users/Lavishiva/AppData/Local/Programs/MiKTeX/fonts/type1/public/amsfonts
/cm/cmmi10.pfb><C:/Users/Lavishiva/AppData/Local/Programs/MiKTeX/fonts/type1/pu
blic/amsfonts/cm/cmmi8.pfb><C:/Users/Lavishiva/AppData/Local/Programs/MiKTeX/fo
nts/type1/public/amsfonts/cm/cmr10.pfb><C:/Users/Lavishiva/AppData/Local/Progra
ms/MiKTeX/fonts/type1/public/amsfonts/cm/cmr6.pfb><C:/Users/Lavishiva/AppData/L
ocal/Programs/MiKTeX/fonts/type1/public/amsfonts/cm/cmr7.pfb><C:/Users/Lavishiv
a/AppData/Local/Programs/MiKTeX/fonts/type1/public/amsfonts/cm/cmsy10.pfb><C:/U
sers/Lavishiva/AppData/Local/Programs/MiKTeX/fonts/type1/public/amsfonts/cm/cms
y6.pfb><C:/Users/Lavishiva/AppData/Local/Programs/MiKTeX/fonts/type1/public/ams
fonts/cm/cmsy7.pfb><C:/Users/Lavishiva/AppData/Local/Programs/MiKTeX/fonts/type
1/public/amsfonts/cm/cmsy8.pfb><C:/Users/Lavishiva/AppData/Local/Programs/MiKTe
X/fonts/type1/urw/courier/ucrr8a.pfb><C:/Users/Lavishiva/AppData/Local/Programs
/MiKTeX/fonts/type1/urw/times/utmb8a.pfb><C:/Users/Lavishiva/AppData/Local/Prog
rams/MiKTeX/fonts/type1/urw/times/utmbi8a.pfb><C:/Users/Lavishiva/AppData/Local
/Programs/MiKTeX/fonts/type1/urw/times/utmr8a.pfb><C:/Users/Lavishiva/AppData/L
ocal/Programs/MiKTeX/fonts/type1/urw/times/utmri8a.pfb>
Output written on "FRY-9C paper.pdf" (23 pages, 590384 bytes).
PDF statistics:
 678 PDF objects out of 1000 (max. 8388607)
 186 named destinations out of 1000 (max. 500000)
 564 words of extra memory for PDF output out of 10000 (max. 10000000)

